<?xml version="1.0" encoding="UTF-8"?>
<testng-results skipped="0" failed="2" ignored="0" total="6" passed="4">
  <reporter-output>
  </reporter-output>
  <suite name="Suite" duration-ms="293838" started-at="2021-08-10T19:17:45 IST" finished-at="2021-08-10T19:22:39 IST">
    <groups>
    </groups>
    <test name="Test" duration-ms="293838" started-at="2021-08-10T19:17:45 IST" finished-at="2021-08-10T19:22:39 IST">
      <class name="com.streams.testcases.SignInPageTest">
        <test-method status="PASS" signature="setUp()[pri:0, instance:com.streams.testcases.SignInPageTest@32ee6fee]" name="setUp" is-config="true" duration-ms="9958" started-at="2021-08-10T19:19:24 IST" finished-at="2021-08-10T19:19:34 IST">
          <reporter-output>
          </reporter-output>
        </test-method> <!-- setUp -->
        <test-method status="PASS" signature="validateSignInPageUrlTest()[pri:1, instance:com.streams.testcases.SignInPageTest@32ee6fee]" name="validateSignInPageUrlTest" duration-ms="12" started-at="2021-08-10T19:19:34 IST" finished-at="2021-08-10T19:19:34 IST">
          <reporter-output>
          </reporter-output>
        </test-method> <!-- validateSignInPageUrlTest -->
        <test-method status="PASS" signature="tearDown()[pri:0, instance:com.streams.testcases.SignInPageTest@32ee6fee]" name="tearDown" is-config="true" duration-ms="1109" started-at="2021-08-10T19:19:34 IST" finished-at="2021-08-10T19:19:35 IST">
          <reporter-output>
          </reporter-output>
        </test-method> <!-- tearDown -->
        <test-method status="PASS" signature="setUp()[pri:0, instance:com.streams.testcases.SignInPageTest@32ee6fee]" name="setUp" is-config="true" duration-ms="9640" started-at="2021-08-10T19:19:38 IST" finished-at="2021-08-10T19:19:48 IST">
          <reporter-output>
          </reporter-output>
        </test-method> <!-- setUp -->
        <test-method status="PASS" signature="logintest(java.lang.String,java.lang.String,java.lang.String,java.lang.String)[pri:2, instance:com.streams.testcases.SignInPageTest@32ee6fee]" name="logintest" duration-ms="52235" started-at="2021-08-10T19:19:48 IST" data-provider="getData" finished-at="2021-08-10T19:20:40 IST">
          <params>
            <param index="0">
              <value>
                <![CDATA[sameerone@accountvalidation]]>
              </value>
            </param>
            <param index="1">
              <value>
                <![CDATA[abc@1234]]>
              </value>
            </param>
            <param index="2">
              <value>
                <![CDATA[valid]]>
              </value>
            </param>
            <param index="3">
              <value>
                <![CDATA[https://streams.us/sloader/home.jsp]]>
              </value>
            </param>
          </params>
          <reporter-output>
          </reporter-output>
        </test-method> <!-- logintest -->
        <test-method status="PASS" signature="tearDown()[pri:0, instance:com.streams.testcases.SignInPageTest@32ee6fee]" name="tearDown" is-config="true" duration-ms="973" started-at="2021-08-10T19:20:40 IST" finished-at="2021-08-10T19:20:41 IST">
          <reporter-output>
          </reporter-output>
        </test-method> <!-- tearDown -->
        <test-method status="PASS" signature="setUp()[pri:0, instance:com.streams.testcases.SignInPageTest@32ee6fee]" name="setUp" is-config="true" duration-ms="7727" started-at="2021-08-10T19:20:41 IST" finished-at="2021-08-10T19:20:49 IST">
          <reporter-output>
          </reporter-output>
        </test-method> <!-- setUp -->
        <test-method status="PASS" signature="logintest(java.lang.String,java.lang.String,java.lang.String,java.lang.String)[pri:2, instance:com.streams.testcases.SignInPageTest@32ee6fee]" name="logintest" duration-ms="1514" started-at="2021-08-10T19:20:49 IST" data-provider="getData" finished-at="2021-08-10T19:20:50 IST">
          <params>
            <param index="0">
              <value>
                <![CDATA[sameerone@accountvalidation]]>
              </value>
            </param>
            <param index="1">
              <value>
                <![CDATA[abc@12345]]>
              </value>
            </param>
            <param index="2">
              <value>
                <![CDATA[invalid]]>
              </value>
            </param>
            <param index="3">
              <value>
                <![CDATA[https://accounts.unifiedcloudit.com/auth/SSOLogin]]>
              </value>
            </param>
          </params>
          <reporter-output>
          </reporter-output>
        </test-method> <!-- logintest -->
        <test-method status="PASS" signature="tearDown()[pri:0, instance:com.streams.testcases.SignInPageTest@32ee6fee]" name="tearDown" is-config="true" duration-ms="939" started-at="2021-08-10T19:20:50 IST" finished-at="2021-08-10T19:20:51 IST">
          <reporter-output>
          </reporter-output>
        </test-method> <!-- tearDown -->
        <test-method status="PASS" signature="setUp()[pri:0, instance:com.streams.testcases.SignInPageTest@32ee6fee]" name="setUp" is-config="true" duration-ms="8525" started-at="2021-08-10T19:20:51 IST" finished-at="2021-08-10T19:21:00 IST">
          <reporter-output>
          </reporter-output>
        </test-method> <!-- setUp -->
        <test-method status="FAIL" signature="logintest(java.lang.String,java.lang.String,java.lang.String,java.lang.String)[pri:2, instance:com.streams.testcases.SignInPageTest@32ee6fee]" name="logintest" duration-ms="43079" started-at="2021-08-10T19:21:00 IST" data-provider="getData" finished-at="2021-08-10T19:21:43 IST">
          <params>
            <param index="0">
              <value>
                <![CDATA[sameeronee@accountvalidation]]>
              </value>
            </param>
            <param index="1">
              <value>
                <![CDATA[abc@1234]]>
              </value>
            </param>
            <param index="2">
              <value>
                <![CDATA[invalid]]>
              </value>
            </param>
            <param index="3">
              <value>
                <![CDATA[https://accounts.wspbx.com/auth/index.jsp?dashboardid=302922967&src=streams.us&svid=10]]>
              </value>
            </param>
          </params>
          <exception class="org.openqa.selenium.NoSuchElementException">
            <message>
              <![CDATA[no such element: Unable to locate element: {"method":"css selector","selector":"#streams_menu_icon_area"}
  (Session info: chrome=92.0.4515.131)
For documentation on this error, please visit: https://www.seleniumhq.org/exceptions/no_such_element.html
Build info: version: '3.141.59', revision: 'e82be7d358', time: '2018-11-14T08:17:03'
System info: host: 'SAMEER', ip: '192.168.1.3', os.name: 'Windows 10', os.arch: 'amd64', os.version: '10.0', java.version: '1.8.0_271'
Driver info: org.openqa.selenium.chrome.ChromeDriver
Capabilities {acceptInsecureCerts: false, browserName: chrome, browserVersion: 92.0.4515.131, chrome: {chromedriverVersion: 92.0.4515.43 (8c61b7e2989f2..., userDataDir: C:\Users\Neelima\AppData\Lo...}, goog:chromeOptions: {debuggerAddress: localhost:55290}, javascriptEnabled: true, networkConnectionEnabled: false, pageLoadStrategy: normal, platform: WINDOWS, platformName: WINDOWS, proxy: Proxy(), setWindowRect: true, strictFileInteractability: false, timeouts: {implicit: 0, pageLoad: 300000, script: 30000}, unhandledPromptBehavior: dismiss and notify, webauthn:extension:credBlob: true, webauthn:extension:largeBlob: true, webauthn:virtualAuthenticators: true}
Session ID: e16f97b20dc2f9460752c0e870c20f6e
*** Element info: {Using=id, value=streams_menu_icon_area}]]>
            </message>
            <full-stacktrace>
              <![CDATA[org.openqa.selenium.NoSuchElementException: no such element: Unable to locate element: {"method":"css selector","selector":"#streams_menu_icon_area"}
  (Session info: chrome=92.0.4515.131)
For documentation on this error, please visit: https://www.seleniumhq.org/exceptions/no_such_element.html
Build info: version: '3.141.59', revision: 'e82be7d358', time: '2018-11-14T08:17:03'
System info: host: 'SAMEER', ip: '192.168.1.3', os.name: 'Windows 10', os.arch: 'amd64', os.version: '10.0', java.version: '1.8.0_271'
Driver info: org.openqa.selenium.chrome.ChromeDriver
Capabilities {acceptInsecureCerts: false, browserName: chrome, browserVersion: 92.0.4515.131, chrome: {chromedriverVersion: 92.0.4515.43 (8c61b7e2989f2..., userDataDir: C:\Users\Neelima\AppData\Lo...}, goog:chromeOptions: {debuggerAddress: localhost:55290}, javascriptEnabled: true, networkConnectionEnabled: false, pageLoadStrategy: normal, platform: WINDOWS, platformName: WINDOWS, proxy: Proxy(), setWindowRect: true, strictFileInteractability: false, timeouts: {implicit: 0, pageLoad: 300000, script: 30000}, unhandledPromptBehavior: dismiss and notify, webauthn:extension:credBlob: true, webauthn:extension:largeBlob: true, webauthn:virtualAuthenticators: true}
Session ID: e16f97b20dc2f9460752c0e870c20f6e
*** Element info: {Using=id, value=streams_menu_icon_area}
at sun.reflect.NativeConstructorAccessorImpl.newInstance0(Native Method)
at sun.reflect.NativeConstructorAccessorImpl.newInstance(Unknown Source)
at sun.reflect.DelegatingConstructorAccessorImpl.newInstance(Unknown Source)
at java.lang.reflect.Constructor.newInstance(Unknown Source)
at org.openqa.selenium.remote.http.W3CHttpResponseCodec.createException(W3CHttpResponseCodec.java:187)
at org.openqa.selenium.remote.http.W3CHttpResponseCodec.decode(W3CHttpResponseCodec.java:122)
at org.openqa.selenium.remote.http.W3CHttpResponseCodec.decode(W3CHttpResponseCodec.java:49)
at org.openqa.selenium.remote.HttpCommandExecutor.execute(HttpCommandExecutor.java:158)
at org.openqa.selenium.remote.service.DriverCommandExecutor.execute(DriverCommandExecutor.java:83)
at org.openqa.selenium.remote.RemoteWebDriver.execute(RemoteWebDriver.java:552)
at org.openqa.selenium.remote.RemoteWebDriver.findElement(RemoteWebDriver.java:323)
at org.openqa.selenium.remote.RemoteWebDriver.findElementById(RemoteWebDriver.java:372)
at org.openqa.selenium.By$ById.findElement(By.java:188)
at org.openqa.selenium.remote.RemoteWebDriver.findElement(RemoteWebDriver.java:315)
at org.openqa.selenium.support.pagefactory.DefaultElementLocator.findElement(DefaultElementLocator.java:69)
at org.openqa.selenium.support.pagefactory.internal.LocatingElementHandler.invoke(LocatingElementHandler.java:38)
at com.sun.proxy.$Proxy14.click(Unknown Source)
at com.streams.pages.HomePage.clickOnThreeBarMenu(HomePage.java:69)
at com.streams.testcases.SignInPageTest.logintest(SignInPageTest.java:79)
at sun.reflect.NativeMethodAccessorImpl.invoke0(Native Method)
at sun.reflect.NativeMethodAccessorImpl.invoke(Unknown Source)
at sun.reflect.DelegatingMethodAccessorImpl.invoke(Unknown Source)
at java.lang.reflect.Method.invoke(Unknown Source)
at org.testng.internal.MethodInvocationHelper.invokeMethod(MethodInvocationHelper.java:133)
at org.testng.internal.TestInvoker.invokeMethod(TestInvoker.java:598)
at org.testng.internal.TestInvoker.invokeTestMethod(TestInvoker.java:173)
at org.testng.internal.MethodRunner.runInSequence(MethodRunner.java:46)
at org.testng.internal.TestInvoker$MethodInvocationAgent.invoke(TestInvoker.java:824)
at org.testng.internal.TestInvoker.invokeTestMethods(TestInvoker.java:146)
at org.testng.internal.TestMethodWorker.invokeTestMethods(TestMethodWorker.java:146)
at org.testng.internal.TestMethodWorker.run(TestMethodWorker.java:128)
at java.util.ArrayList.forEach(Unknown Source)
at org.testng.TestRunner.privateRun(TestRunner.java:794)
at org.testng.TestRunner.run(TestRunner.java:596)
at org.testng.SuiteRunner.runTest(SuiteRunner.java:377)
at org.testng.SuiteRunner.access$000(SuiteRunner.java:28)
at org.testng.SuiteRunner$SuiteWorker.run(SuiteRunner.java:418)
at org.testng.internal.thread.ThreadUtil.lambda$execute$0(ThreadUtil.java:64)
at java.util.concurrent.FutureTask.run(Unknown Source)
at java.util.concurrent.ThreadPoolExecutor.runWorker(Unknown Source)
at java.util.concurrent.ThreadPoolExecutor$Worker.run(Unknown Source)
at java.lang.Thread.run(Unknown Source)
]]>
            </full-stacktrace>
          </exception> <!-- org.openqa.selenium.NoSuchElementException -->
          <reporter-output>
          </reporter-output>
        </test-method> <!-- logintest -->
        <test-method status="PASS" signature="tearDown()[pri:0, instance:com.streams.testcases.SignInPageTest@32ee6fee]" name="tearDown" is-config="true" duration-ms="1087" started-at="2021-08-10T19:21:43 IST" finished-at="2021-08-10T19:21:44 IST">
          <reporter-output>
          </reporter-output>
        </test-method> <!-- tearDown -->
        <test-method status="PASS" signature="setUp()[pri:0, instance:com.streams.testcases.SignInPageTest@32ee6fee]" name="setUp" is-config="true" duration-ms="10729" started-at="2021-08-10T19:21:44 IST" finished-at="2021-08-10T19:21:55 IST">
          <reporter-output>
          </reporter-output>
        </test-method> <!-- setUp -->
        <test-method status="FAIL" signature="logintest(java.lang.String,java.lang.String,java.lang.String,java.lang.String)[pri:2, instance:com.streams.testcases.SignInPageTest@32ee6fee]" name="logintest" duration-ms="42503" started-at="2021-08-10T19:21:55 IST" data-provider="getData" finished-at="2021-08-10T19:22:38 IST">
          <params>
            <param index="0">
              <value>
                <![CDATA[sameeronee@accountvalidation]]>
              </value>
            </param>
            <param index="1">
              <value>
                <![CDATA[abc@12345]]>
              </value>
            </param>
            <param index="2">
              <value>
                <![CDATA[invalid]]>
              </value>
            </param>
            <param index="3">
              <value>
                <![CDATA[https://accounts.wspbx.com/auth/index.jsp?dashboardid=302922967&src=streams.us&svid=10]]>
              </value>
            </param>
          </params>
          <exception class="org.openqa.selenium.NoSuchElementException">
            <message>
              <![CDATA[no such element: Unable to locate element: {"method":"css selector","selector":"#streams_menu_icon_area"}
  (Session info: chrome=92.0.4515.131)
For documentation on this error, please visit: https://www.seleniumhq.org/exceptions/no_such_element.html
Build info: version: '3.141.59', revision: 'e82be7d358', time: '2018-11-14T08:17:03'
System info: host: 'SAMEER', ip: '192.168.1.3', os.name: 'Windows 10', os.arch: 'amd64', os.version: '10.0', java.version: '1.8.0_271'
Driver info: org.openqa.selenium.chrome.ChromeDriver
Capabilities {acceptInsecureCerts: false, browserName: chrome, browserVersion: 92.0.4515.131, chrome: {chromedriverVersion: 92.0.4515.43 (8c61b7e2989f2..., userDataDir: C:\Users\Neelima\AppData\Lo...}, goog:chromeOptions: {debuggerAddress: localhost:51620}, javascriptEnabled: true, networkConnectionEnabled: false, pageLoadStrategy: normal, platform: WINDOWS, platformName: WINDOWS, proxy: Proxy(), setWindowRect: true, strictFileInteractability: false, timeouts: {implicit: 0, pageLoad: 300000, script: 30000}, unhandledPromptBehavior: dismiss and notify, webauthn:extension:credBlob: true, webauthn:extension:largeBlob: true, webauthn:virtualAuthenticators: true}
Session ID: 35d1e203ed4026f5916a28432a49ccde
*** Element info: {Using=id, value=streams_menu_icon_area}]]>
            </message>
            <full-stacktrace>
              <![CDATA[org.openqa.selenium.NoSuchElementException: no such element: Unable to locate element: {"method":"css selector","selector":"#streams_menu_icon_area"}
  (Session info: chrome=92.0.4515.131)
For documentation on this error, please visit: https://www.seleniumhq.org/exceptions/no_such_element.html
Build info: version: '3.141.59', revision: 'e82be7d358', time: '2018-11-14T08:17:03'
System info: host: 'SAMEER', ip: '192.168.1.3', os.name: 'Windows 10', os.arch: 'amd64', os.version: '10.0', java.version: '1.8.0_271'
Driver info: org.openqa.selenium.chrome.ChromeDriver
Capabilities {acceptInsecureCerts: false, browserName: chrome, browserVersion: 92.0.4515.131, chrome: {chromedriverVersion: 92.0.4515.43 (8c61b7e2989f2..., userDataDir: C:\Users\Neelima\AppData\Lo...}, goog:chromeOptions: {debuggerAddress: localhost:51620}, javascriptEnabled: true, networkConnectionEnabled: false, pageLoadStrategy: normal, platform: WINDOWS, platformName: WINDOWS, proxy: Proxy(), setWindowRect: true, strictFileInteractability: false, timeouts: {implicit: 0, pageLoad: 300000, script: 30000}, unhandledPromptBehavior: dismiss and notify, webauthn:extension:credBlob: true, webauthn:extension:largeBlob: true, webauthn:virtualAuthenticators: true}
Session ID: 35d1e203ed4026f5916a28432a49ccde
*** Element info: {Using=id, value=streams_menu_icon_area}
at sun.reflect.NativeConstructorAccessorImpl.newInstance0(Native Method)
at sun.reflect.NativeConstructorAccessorImpl.newInstance(Unknown Source)
at sun.reflect.DelegatingConstructorAccessorImpl.newInstance(Unknown Source)
at java.lang.reflect.Constructor.newInstance(Unknown Source)
at org.openqa.selenium.remote.http.W3CHttpResponseCodec.createException(W3CHttpResponseCodec.java:187)
at org.openqa.selenium.remote.http.W3CHttpResponseCodec.decode(W3CHttpResponseCodec.java:122)
at org.openqa.selenium.remote.http.W3CHttpResponseCodec.decode(W3CHttpResponseCodec.java:49)
at org.openqa.selenium.remote.HttpCommandExecutor.execute(HttpCommandExecutor.java:158)
at org.openqa.selenium.remote.service.DriverCommandExecutor.execute(DriverCommandExecutor.java:83)
at org.openqa.selenium.remote.RemoteWebDriver.execute(RemoteWebDriver.java:552)
at org.openqa.selenium.remote.RemoteWebDriver.findElement(RemoteWebDriver.java:323)
at org.openqa.selenium.remote.RemoteWebDriver.findElementById(RemoteWebDriver.java:372)
at org.openqa.selenium.By$ById.findElement(By.java:188)
at org.openqa.selenium.remote.RemoteWebDriver.findElement(RemoteWebDriver.java:315)
at org.openqa.selenium.support.pagefactory.DefaultElementLocator.findElement(DefaultElementLocator.java:69)
at org.openqa.selenium.support.pagefactory.internal.LocatingElementHandler.invoke(LocatingElementHandler.java:38)
at com.sun.proxy.$Proxy14.click(Unknown Source)
at com.streams.pages.HomePage.clickOnThreeBarMenu(HomePage.java:69)
at com.streams.testcases.SignInPageTest.logintest(SignInPageTest.java:79)
at sun.reflect.NativeMethodAccessorImpl.invoke0(Native Method)
at sun.reflect.NativeMethodAccessorImpl.invoke(Unknown Source)
at sun.reflect.DelegatingMethodAccessorImpl.invoke(Unknown Source)
at java.lang.reflect.Method.invoke(Unknown Source)
at org.testng.internal.MethodInvocationHelper.invokeMethod(MethodInvocationHelper.java:133)
at org.testng.internal.TestInvoker.invokeMethod(TestInvoker.java:598)
at org.testng.internal.TestInvoker.invokeTestMethod(TestInvoker.java:173)
at org.testng.internal.MethodRunner.runInSequence(MethodRunner.java:46)
at org.testng.internal.TestInvoker$MethodInvocationAgent.invoke(TestInvoker.java:824)
at org.testng.internal.TestInvoker.invokeTestMethods(TestInvoker.java:146)
at org.testng.internal.TestMethodWorker.invokeTestMethods(TestMethodWorker.java:146)
at org.testng.internal.TestMethodWorker.run(TestMethodWorker.java:128)
at java.util.ArrayList.forEach(Unknown Source)
at org.testng.TestRunner.privateRun(TestRunner.java:794)
at org.testng.TestRunner.run(TestRunner.java:596)
at org.testng.SuiteRunner.runTest(SuiteRunner.java:377)
at org.testng.SuiteRunner.access$000(SuiteRunner.java:28)
at org.testng.SuiteRunner$SuiteWorker.run(SuiteRunner.java:418)
at org.testng.internal.thread.ThreadUtil.lambda$execute$0(ThreadUtil.java:64)
at java.util.concurrent.FutureTask.run(Unknown Source)
at java.util.concurrent.ThreadPoolExecutor.runWorker(Unknown Source)
at java.util.concurrent.ThreadPoolExecutor$Worker.run(Unknown Source)
at java.lang.Thread.run(Unknown Source)
]]>
            </full-stacktrace>
          </exception> <!-- org.openqa.selenium.NoSuchElementException -->
          <reporter-output>
          </reporter-output>
        </test-method> <!-- logintest -->
        <test-method status="PASS" signature="tearDown()[pri:0, instance:com.streams.testcases.SignInPageTest@32ee6fee]" name="tearDown" is-config="true" duration-ms="886" started-at="2021-08-10T19:22:38 IST" finished-at="2021-08-10T19:22:39 IST">
          <reporter-output>
          </reporter-output>
        </test-method> <!-- tearDown -->
      </class> <!-- com.streams.testcases.SignInPageTest -->
      <class name="com.streams.testcases.HomePageTest">
        <test-method status="PASS" signature="setUp()[pri:0, instance:com.streams.testcases.HomePageTest@58d75e99]" name="setUp" is-config="true" duration-ms="11050" started-at="2021-08-10T19:17:45 IST" finished-at="2021-08-10T19:17:56 IST">
          <reporter-output>
          </reporter-output>
        </test-method> <!-- setUp -->
        <test-method status="PASS" signature="createFolder()[pri:1, instance:com.streams.testcases.HomePageTest@58d75e99]" name="createFolder" duration-ms="86100" started-at="2021-08-10T19:17:56 IST" finished-at="2021-08-10T19:19:22 IST">
          <reporter-output>
          </reporter-output>
        </test-method> <!-- createFolder -->
        <test-method status="PASS" signature="tearDown()[pri:0, instance:com.streams.testcases.HomePageTest@58d75e99]" name="tearDown" is-config="true" duration-ms="1467" started-at="2021-08-10T19:19:22 IST" finished-at="2021-08-10T19:19:24 IST">
          <reporter-output>
          </reporter-output>
        </test-method> <!-- tearDown -->
      </class> <!-- com.streams.testcases.HomePageTest -->
    </test> <!-- Test -->
  </suite> <!-- Suite -->
</testng-results>
